[debug] [2024-05-27T17:48:33.681Z] ----------------------------------------------------------------------
[debug] [2024-05-27T17:48:33.684Z] Command:       C:\Program Files\nodejs\node.exe C:\Users\Euroxx\AppData\Roaming\npm\node_modules\firebase-tools\lib\bin\firebase.js init
[debug] [2024-05-27T17:48:33.685Z] CLI Version:   13.7.5
[debug] [2024-05-27T17:48:33.685Z] Platform:      win32
[debug] [2024-05-27T17:48:33.685Z] Node Version:  v21.6.1
[debug] [2024-05-27T17:48:33.685Z] Time:          Mon May 27 2024 17:48:33 GMT+0000 (Greenwich Mean Time)
[debug] [2024-05-27T17:48:33.686Z] ----------------------------------------------------------------------
[debug] 
[debug] [2024-05-27T17:48:33.696Z] > command requires scopes: ["email","openid","https://www.googleapis.com/auth/cloudplatformprojects.readonly","https://www.googleapis.com/auth/firebase","https://www.googleapis.com/auth/cloud-platform"]
[debug] [2024-05-27T17:48:33.696Z] > authorizing via signed-in user (davidjeffrey058@gmail.com)
[info] 
     ######## #### ########  ######## ########     ###     ######  ########
     ##        ##  ##     ## ##       ##     ##  ##   ##  ##       ##
     ######    ##  ########  ######   ########  #########  ######  ######
     ##        ##  ##    ##  ##       ##     ## ##     ##       ## ##
     ##       #### ##     ## ######## ########  ##     ##  ######  ########

You're about to initialize a Firebase project in this directory:

  C:\Users\Euroxx\Desktop\web\video platform\Frontend\frontend

[info] 
=== Project Setup
[info] 
[info] First, let's associate this project directory with a Firebase project.
[info] You can create multiple project aliases by running firebase use --add, 
[info] but for now we'll just set up a default project.
[info] 
[debug] [2024-05-27T17:49:09.960Z] > refreshing access token with scopes: []
[debug] [2024-05-27T17:49:09.963Z] >>> [apiv2][query] POST https://www.googleapis.com/oauth2/v3/token [none]
[debug] [2024-05-27T17:49:09.963Z] >>> [apiv2][body] POST https://www.googleapis.com/oauth2/v3/token [omitted]
[debug] [2024-05-27T17:49:10.556Z] <<< [apiv2][status] POST https://www.googleapis.com/oauth2/v3/token 200
[debug] [2024-05-27T17:49:10.556Z] <<< [apiv2][body] POST https://www.googleapis.com/oauth2/v3/token [omitted]
[debug] [2024-05-27T17:49:10.571Z] >>> [apiv2][query] GET https://firebase.googleapis.com/v1beta1/projects pageSize=100
[debug] [2024-05-27T17:49:11.391Z] <<< [apiv2][status] GET https://firebase.googleapis.com/v1beta1/projects 200
[debug] [2024-05-27T17:49:11.391Z] <<< [apiv2][body] GET https://firebase.googleapis.com/v1beta1/projects [omitted]
